Total candidates with clean h0=3 bundles: 592

  Fetching h11=17 polytopes...
    got 38735
  Fetching h11=16 polytopes...
    got 5180
  Fetching h11=15 polytopes...
    got 553
  *** h15/P164: |Aut| = 2, score=23, clean=40, ell=1
  *** h15/P8: |Aut| = 2, score=24, clean=38, ell=0
  *** h15/P31: |Aut| = 2, score=23, clean=34, ell=1
  *** h16/P329: |Aut| = 2, score=26, clean=34, ell=7
  *** h16/P1821: |Aut| = 2, score=23, clean=26, ell=1
  *** h16/P383: |Aut| = 2, score=23, clean=24, ell=4
  *** h17/P1471: |Aut| = 2, score=26, clean=24, ell=11
  *** h17/P215: |Aut| = 2, score=23, clean=24, ell=8
  *** h16/P1669: |Aut| = 2, score=23, clean=23, ell=1
  *** h16/P1075: |Aut| = 2, score=20, clean=22, ell=0
  *** h17/P9: |Aut| = 2, score=23, clean=21, ell=0
  *** h15/P18: |Aut| = 4, score=23, clean=19, ell=7
  *** h15/P91: |Aut| = 2, score=22, clean=19, ell=11
  *** h16/P273: |Aut| = 2, score=23, clean=19, ell=3
  *** h16/P1042: |Aut| = 2, score=22, clean=18, ell=13
  *** h15/P188: |Aut| = 2, score=23, clean=17, ell=1
  *** h15/P173: |Aut| = 2, score=23, clean=16, ell=1
  *** h17/P786: |Aut| = 2, score=25, clean=14, ell=4
  *** h15/P15: |Aut| = 2, score=21, clean=13, ell=6
  *** h15/P45: |Aut| = 2, score=22, clean=12, ell=1
  *** h15/P166: |Aut| = 2, score=22, clean=12, ell=1
  *** h16/P1643: |Aut| = 2, score=25, clean=11, ell=6
  *** h17/P551: |Aut| = 2, score=22, clean=10, ell=8
  *** h17/P1348: |Aut| = 2, score=22, clean=10, ell=7
  *** h15/P194: |Aut| = 2, score=25, clean=9, ell=4
  *** h15/P100: |Aut| = 2, score=22, clean=9, ell=1
  *** h15/P167: |Aut| = 2, score=22, clean=9, ell=1
  *** h15/P212: |Aut| = 2, score=22, clean=8, ell=11
  *** h16/P472: |Aut| = 2, score=25, clean=8, ell=13
  *** h17/P42: |Aut| = 2, score=22, clean=8, ell=8
  *** h15/P174: |Aut| = 2, score=25, clean=7, ell=1
  *** h15/P4: |Aut| = 2, score=22, clean=6, ell=6
  *** h15/P211: |Aut| = 4, score=22, clean=6, ell=1
  *** h16/P1171: |Aut| = 2, score=25, clean=6, ell=1
  *** h16/P3: |Aut| = 2, score=22, clean=6, ell=4
  *** h15/P9: |Aut| = 2, score=25, clean=5, ell=7
  *** h15/P92: |Aut| = 2, score=25, clean=4, ell=4
  *** h16/P719: |Aut| = 2, score=22, clean=4, ell=1
  *** h17/P4: |Aut| = 2, score=22, clean=4, ell=1
  *** h15/P35: |Aut| = 2, score=25, clean=3, ell=7
  *** h15/P40: |Aut| = 2, score=25, clean=3, ell=1
  *** h15/P176: |Aut| = 2, score=22, clean=3, ell=1
  *** h15/P56: |Aut| = 2, score=22, clean=3, ell=1
  *** h16/P159: |Aut| = 2, score=25, clean=3, ell=4
  *** h15/P46: |Aut| = 2, score=25, clean=2, ell=6
  *** h15/P12: |Aut| = 4, score=23, clean=2, ell=0
  *** h15/P30: |Aut| = 2, score=22, clean=2, ell=4
  *** h15/P213: |Aut| = 2, score=22, clean=2, ell=1
  *** h15/P3: |Aut| = 2, score=20, clean=2, ell=0
  *** h15/P130: |Aut| = 2, score=22, clean=1, ell=10
  *** h15/P1: |Aut| = 2, score=22, clean=1, ell=1
  *** h15/P7: |Aut| = 4, score=22, clean=1, ell=1
  *** h15/P240: |Aut| = 2, score=22, clean=1, ell=1

Done scanning candidates in 84s

============================================================
  AUTOMORPHISM GROUP SUMMARY
============================================================
Total polytopes checked: 592
Nontrivial |Aut| > 1: 53

Polytopes with nontrivial automorphism groups:
   h11   Poly   Score  Clean  Ell  |Aut|
  ----------------------------------------
    15 P   18    23/26     19    7      4
    15 P  211    22/26      6    1      4
    15 P   12    23/26      2    0      4
    15 P    7    22/26      1    1      4
    15 P  164    23/26     40    1      2
    15 P    8    24/26     38    0      2
    15 P   31    23/26     34    1      2
    16 P  329    26/26     34    7      2
    16 P 1821    23/26     26    1      2
    16 P  383    23/26     24    4      2
    17 P 1471    26/26     24   11      2
    17 P  215    23/26     24    8      2
    16 P 1669    23/26     23    1      2
    16 P 1075    20/26     22    0      2
    17 P    9    23/26     21    0      2
    15 P   91    22/26     19   11      2
    16 P  273    23/26     19    3      2
    16 P 1042    22/26     18   13      2
    15 P  188    23/26     17    1      2
    15 P  173    23/26     16    1      2
    17 P  786    25/26     14    4      2
    15 P   15    21/26     13    6      2
    15 P   45    22/26     12    1      2
    15 P  166    22/26     12    1      2
    16 P 1643    25/26     11    6      2
    17 P  551    22/26     10    8      2
    17 P 1348    22/26     10    7      2
    15 P  194    25/26      9    4      2
    15 P  100    22/26      9    1      2
    15 P  167    22/26      9    1      2
    15 P  212    22/26      8   11      2
    16 P  472    25/26      8   13      2
    17 P   42    22/26      8    8      2
    15 P  174    25/26      7    1      2
    15 P    4    22/26      6    6      2
    16 P 1171    25/26      6    1      2
    16 P    3    22/26      6    4      2
    15 P    9    25/26      5    7      2
    15 P   92    25/26      4    4      2
    16 P  719    22/26      4    1      2
    17 P    4    22/26      4    1      2
    15 P   35    25/26      3    7      2
    15 P   40    25/26      3    1      2
    15 P  176    22/26      3    1      2
    15 P   56    22/26      3    1      2
    16 P  159    25/26      3    4      2
    15 P   46    25/26      2    6      2
    15 P   30    22/26      2    4      2
    15 P  213    22/26      2    1      2
    15 P    3    20/26      2    0      2
    15 P  130    22/26      1   10      2
    15 P    1    22/26      1    1      2
    15 P  240    22/26      1    1      2

Automorphism group size distribution:
  |Aut| = 1: 539 polytopes
  |Aut| = 2: 49 polytopes
  |Aut| = 4: 4 polytopes

============================================================
  SYMMETRY vs h0: ALL POLYTOPES
============================================================

h15: 78 polytopes with |Aut| > 1 (out of 553)
    Poly  |Aut|  max_h0  h0=3_ct
  P    7      4       3        2 <-- h0>=3!
  P   12      4       4       10 <-- h0>=3!
  P   18      4      13       40 <-- h0>=3!
  P  132      4       1        0
  P  211      4       3       12 <-- h0>=3!
  P  435      4       1        0
  P  549      4       1        0
  P    0      2       1        0
  P    1      2       3        2 <-- h0>=3!
  P    3      2       3        4 <-- h0>=3!
  P    4      2       5       16 <-- h0>=3!
  P    8      2       4      146 <-- h0>=3!
  P    9      2       4       12 <-- h0>=3!
  P   11      2       2        0
  P   15      2       7       38 <-- h0>=3!
  P   17      2       1        0
  P   27      2       2        0
  P   29      2       1        0
  P   30      2       4        6 <-- h0>=3!
  P   31      2      10      190 <-- h0>=3!
  P   35      2       4       86 <-- h0>=3!
  P   40      2       4       20 <-- h0>=3!
  P   45      2       6       28 <-- h0>=3!
  P   46      2       3        4 <-- h0>=3!
  P   56      2       4       22 <-- h0>=3!
  P   83      2       4        8 <-- h0>=3!
  P   91      2      13       58 <-- h0>=3!
  P   92      2       4      136 <-- h0>=3!
  P  100      2       4       32 <-- h0>=3!
  P  108      2       1        0
  P  114      2       1        0
  P  119      2       1        0
  P  130      2       3        2 <-- h0>=3!
  P  135      2       1        0
  P  143      2       1        0
  P  164      2      10      162 <-- h0>=3!
  P  166      2       3       24 <-- h0>=3!
  P  167      2       4       22 <-- h0>=3!
  P  173      2       6       42 <-- h0>=3!
  P  174      2       3       14 <-- h0>=3!
  P  176      2       4       14 <-- h0>=3!
  P  188      2       6       40 <-- h0>=3!
  P  193      2       1        0
  P  194      2       4       20 <-- h0>=3!
  P  199      2       1        0
  P  212      2       4       20 <-- h0>=3!
  P  213      2       4        6 <-- h0>=3!
  P  224      2       1        0
  P  240      2       3        2 <-- h0>=3!
  P  247      2       1        0
  P  269      2       2        0
  P  273      2       3        4 <-- h0>=3!
  P  274      2       3       26 <-- h0>=3!
  P  276      2       1        0
  P  277      2       3       10 <-- h0>=3!
  P  279      2       3        6 <-- h0>=3!
  P  285      2       4       22 <-- h0>=3!
  P  286      2       3       20 <-- h0>=3!
  P  288      2       3       10 <-- h0>=3!
  P  291      2       1        0
  P  300      2       1        0
  P  311      2       1        0
  P  312      2       1        0
  P  318      2       1        0
  P  319      2       4       12 <-- h0>=3!
  P  339      2       1        0
  P  354      2       1        0
  P  355      2       3        2 <-- h0>=3!
  P  375      2       3        4 <-- h0>=3!
  P  388      2       1        0
  P  401      2       3        8 <-- h0>=3!
  P  450      2       1        0
  P  467      2       1        0
  P  474      2       2        0
  P  481      2       3       38 <-- h0>=3!
  P  508      2       1        0
  P  513      2       3        2 <-- h0>=3!
  P  523      2       1        0

h16: 298 polytopes with |Aut| > 1 (out of 5180)
    Poly  |Aut|  max_h0  h0=3_ct
  P    0      8       3        4 <-- h0>=3!
  P    1      4       3       14 <-- h0>=3!
  P   10      4       3        2 <-- h0>=3!
  P   16      4       3        4 <-- h0>=3!
  P   60      4       1        0
  P   98      4       2        0
  P  122      4       3        6 <-- h0>=3!
  P 1638      4       3       12 <-- h0>=3!
  P 2308      4       1        0
  P 2996      4       1        0
  P 4663      4       1        0
  P 4749      4       1        0
  P 5179      4       1        0
  P    2      2       3        2 <-- h0>=3!
  P    3      2       7       48 <-- h0>=3!
  P    4      2       3        4 <-- h0>=3!
  P    5      2       1        0
  P   15      2       3        2 <-- h0>=3!
  P   20      2       3        2 <-- h0>=3!
  P   27      2       2        0
  P   29      2       1        0
  P   31      2       4        6 <-- h0>=3!
  P   32      2       3       26 <-- h0>=3!
  P   33      2       3       42 <-- h0>=3!
  P   37      2       3        4 <-- h0>=3!
  P   52      2       4       70 <-- h0>=3!
  P   61      2       1        0
  P   75      2       3       10 <-- h0>=3!
  P   80      2       3        2 <-- h0>=3!
  P   87      2       3        2 <-- h0>=3!
  P   97      2       2        0
  P  102      2       1        0
  P  108      2       1        0
  P  110      2       1        0
  P  123      2       4       50 <-- h0>=3!
  P  144      2       4       90 <-- h0>=3!
  P  158      2       3        2 <-- h0>=3!
  P  159      2       5       14 <-- h0>=3!
  P  171      2       1        0
  P  182      2       3        4 <-- h0>=3!
  P  186      2       3        8 <-- h0>=3!
  P  187      2       1        0
  P  218      2       1        0
  P  241      2       1        0
  P  246      2       3       22 <-- h0>=3!
  P  263      2       4       12 <-- h0>=3!
  P  269      2       2        0
  P  273      2       6       56 <-- h0>=3!
  P  274      2       3        4 <-- h0>=3!
  P  295      2       2        0
  P  307      2       3       44 <-- h0>=3!
  P  308      2       1        0
  P  317      2       3       16 <-- h0>=3!
  P  323      2       3        4 <-- h0>=3!
  P  326      2       4       42 <-- h0>=3!
  P  329      2      15      164 <-- h0>=3!
  P  331      2       3        4 <-- h0>=3!
  P  333      2       4       24 <-- h0>=3!
  P  340      2       1        0
  P  369      2       3        6 <-- h0>=3!
  P  383      2      10      102 <-- h0>=3!
  P  396      2       1        0
  P  415      2       2        0
  P  419      2       2        0
  P  434      2       3       50 <-- h0>=3!
  P  440      2       3        2 <-- h0>=3!
  P  454      2       3       20 <-- h0>=3!
  P  472      2       5       20 <-- h0>=3!
  P  474      2       1        0
  P  476      2       2        0
  P  484      2       2        0
  P  487      2       3        6 <-- h0>=3!
  P  504      2       4       20 <-- h0>=3!
  P  506      2       1        0
  P  507      2       3        4 <-- h0>=3!
  P  516      2       2        0
  P  525      2       3       20 <-- h0>=3!
  P  532      2       3       12 <-- h0>=3!
  P  541      2       2        0
  P  584      2       4       40 <-- h0>=3!
  P  694      2       2        0
  P  708      2       1        0
  P  714      2       2        0
  P  719      2      17       94 <-- h0>=3!
  P  720      2       1        0
  P  744      2       3        2 <-- h0>=3!
  P  746      2       1        0
  P  765      2       1        0
  P  780      2       3        8 <-- h0>=3!
  P  782      2       1        0
  P  789      2       1        0
  P  794      2       3        2 <-- h0>=3!
  P  798      2       3        4 <-- h0>=3!
  P  817      2       3        4 <-- h0>=3!
  P  835      2       5        6 <-- h0>=3!
  P  882      2       2        0
  P  897      2       3       18 <-- h0>=3!
  P  898      2       3        2 <-- h0>=3!
  P  946      2       3        2 <-- h0>=3!
  P  971      2       2        0
  P 1011      2       3        2 <-- h0>=3!
  P 1020      2       3        2 <-- h0>=3!
  P 1026      2       2        0
  P 1039      2       1        0
  P 1042      2       6       38 <-- h0>=3!
  P 1044      2       3       14 <-- h0>=3!
  P 1061      2       4       20 <-- h0>=3!
  P 1075      2       6       52 <-- h0>=3!
  P 1084      2       3       32 <-- h0>=3!
  P 1155      2       1        0
  P 1171      2       6       18 <-- h0>=3!
  P 1182      2       1        0
  P 1183      2       1        0
  P 1188      2       1        0
  P 1190      2       1        0
  P 1194      2       1        0
  P 1199      2       1        0
  P 1219      2       1        0
  P 1289      2       1        0
  P 1294      2       1        0
  P 1349      2       1        0
  P 1360      2       1        0
  P 1393      2       3       28 <-- h0>=3!
  P 1417      2       1        0
  P 1418      2       1        0
  P 1434      2       1        0
  P 1435      2       1        0
  P 1520      2       2        0
  P 1525      2       1        0
  P 1552      2       1        0
  P 1554      2       1        0
  P 1595      2       1        0
  P 1600      2       1        0
  P 1611      2       1        0
  P 1622      2       1        0
  P 1628      2       3       52 <-- h0>=3!
  P 1636      2       3        6 <-- h0>=3!
  P 1641      2       2        0
  P 1643      2       6       24 <-- h0>=3!
  P 1665      2       1        0
  P 1669      2       6       52 <-- h0>=3!
  P 1670      2       1        0
  P 1671      2       1        0
  P 1677      2       1        0
  P 1679      2       1        0
  P 1682      2       1        0
  P 1683      2       1        0
  P 1684      2       1        0
  P 1699      2       3        4 <-- h0>=3!
  P 1748      2       1        0
  P 1776      2       1        0
  P 1782      2       2        0
  P 1819      2       2        0
  P 1821      2       9      134 <-- h0>=3!
  P 1830      2       3        2 <-- h0>=3!
  P 1841      2       2        0
  P 1848      2       3        8 <-- h0>=3!
  P 1849      2       2        0
  P 1860      2       1        0
  P 1896      2       3        2 <-- h0>=3!
  P 1900      2       3        2 <-- h0>=3!
  P 2031      2       1        0
  P 2036      2       3        2 <-- h0>=3!
  P 2049      2       4       10 <-- h0>=3!
  P 2050      2       3        2 <-- h0>=3!
  P 2148      2       1        0
  P 2160      2       3        2 <-- h0>=3!
  P 2162      2       3       12 <-- h0>=3!
  P 2182      2       3        2 <-- h0>=3!
  P 2204      2       3       76 <-- h0>=3!
  P 2205      2       3        4 <-- h0>=3!
  P 2243      2       1        0
  P 2270      2       1        0
  P 2282      2       1        0
  P 2299      2       1        0
  P 2300      2       1        0
  P 2304      2       1        0
  P 2306      2       1        0
  P 2307      2       1        0
  P 2318      2       1        0
  P 2320      2       1        0
  P 2351      2       4       10 <-- h0>=3!
  P 2353      2       1        0
  P 2354      2       1        0
  P 2389      2       1        0
  P 2391      2       1        0
  P 2406      2       1        0
  P 2441      2       2        0
  P 2443      2       1        0
  P 2444      2       1        0
  P 2477      2       2        0
  P 2512      2       1        0
  P 2543      2       1        0
  P 2578      2       1        0
  P 2603      2       1        0
  P 2613      2       1        0
  P 2615      2       1        0
  P 2616      2       1        0
  P 2653      2       3        6 <-- h0>=3!
  P 2664      2       3        2 <-- h0>=3!
  P 2688      2       3       10 <-- h0>=3!
  P 2824      2       1        0
  P 2990      2       3        6 <-- h0>=3!
  P 2997      2       3       12 <-- h0>=3!
  P 3007      2       2        0
  P 3050      2       3        8 <-- h0>=3!
  P 3090      2       3       12 <-- h0>=3!
  P 3092      2       3        2 <-- h0>=3!
  P 3148      2       3        8 <-- h0>=3!
  P 3149      2       2        0
  P 3171      2       1        0
  P 3174      2       1        0
  P 3175      2       1        0
  P 3195      2       1        0
  P 3299      2       3        6 <-- h0>=3!
  P 3305      2       1        0
  P 3348      2       1        0
  P 3412      2       2        0
  P 3440      2       1        0
  P 3450      2       1        0
  P 3549      2       3        4 <-- h0>=3!
  P 3597      2       3        8 <-- h0>=3!
  P 3616      2       1        0
  P 3659      2       1        0
  P 3669      2       4       22 <-- h0>=3!
  P 3695      2       1        0
  P 3698      2       1        0
  P 3704      2       1        0
  P 3735      2       1        0
  P 3767      2       3        4 <-- h0>=3!
  P 3783      2       1        0
  P 3815      2       1        0
  P 3958      2       1        0
  P 3969      2       1        0
  P 3988      2       3        2 <-- h0>=3!
  P 4062      2       2        0
  P 4067      2       1        0
  P 4090      2       1        0
  P 4102      2       3        2 <-- h0>=3!
  P 4196      2       1        0
  P 4203      2       1        0
  P 4207      2       3        6 <-- h0>=3!
  P 4208      2       3        8 <-- h0>=3!
  P 4212      2       5       14 <-- h0>=3!
  P 4215      2       1        0
  P 4238      2       1        0
  P 4244      2       3        2 <-- h0>=3!
  P 4246      2       2        0
  P 4251      2       1        0
  P 4252      2       1        0
  P 4256      2       1        0
  P 4295      2       1        0
  P 4344      2       2        0
  P 4359      2       1        0
  P 4360      2       1        0
  P 4366      2       1        0
  P 4399      2       1        0
  P 4400      2       1        0
  P 4402      2       1        0
  P 4405      2       1        0
  P 4409      2       1        0
  P 4427      2       1        0
  P 4440      2       4       16 <-- h0>=3!
  P 4445      2       3        4 <-- h0>=3!
  P 4502      2       3        6 <-- h0>=3!
  P 4513      2       2        0
  P 4533      2       3        6 <-- h0>=3!
  P 4571      2       3       22 <-- h0>=3!
  P 4605      2       1        0
  P 4606      2       1        0
  P 4632      2       1        0
  P 4635      2       1        0
  P 4642      2       1        0
  P 4644      2       1        0
  P 4662      2       1        0
  P 4711      2       1        0
  P 4712      2       2        0
  P 4745      2       1        0
  P 4748      2       1        0
  P 4849      2       1        0
  P 4850      2       1        0
  P 4918      2       1        0
  P 4919      2       1        0
  P 4944      2       1        0
  P 4953      2       1        0
  P 4970      2       1        0
  P 5014      2       1        0
  P 5016      2       1        0
  P 5050      2       1        0
  P 5056      2       1        0
  P 5072      2       1        0
  P 5074      2       1        0
  P 5075      2       1        0
  P 5078      2       1        0
  P 5100      2       1        0
  P 5120      2       1        0
  P 5149      2       3        2 <-- h0>=3!
  P 5163      2       1        0

h17: 1268 polytopes with |Aut| > 1 (out of 38735)
    Poly  |Aut|  max_h0  h0=3_ct
  P   37     12       1        0
  P  597     12       1        0
  P 2997      8       3        2 <-- h0>=3!
  P12597      8       2        0
  P  182      6       1        0
  P  192      6       1        0
  P  204      6       1        0
  P  594      6       1        0
  P16089      6       1        0
  P18597      6       1        0
  P    0      4       4       12 <-- h0>=3!
  P   33      4       1        0
  P  175      4       2        0
  P  404      4       1        0
  P  463      4       3        2 <-- h0>=3!
  P  468      4       4       32 <-- h0>=3!
  P  571      4       1        0
  P  577      4       1        0
  P  633      4       4       18 <-- h0>=3!
  P  639      4       2        0
  P  689      4       1        0
  P 1313      4       2        0
  P 2539      4       1        0
  P 2884      4       2        0
  P 2907      4       1        0
  P 2911      4       4        6 <-- h0>=3!
  P 2994      4       2        0
  P 3563      4       2        0
  P 3597      4       3        6 <-- h0>=3!
  P 3635      4       3        2 <-- h0>=3!
  P 4043      4       3        2 <-- h0>=3!
  P 4154      4       1        0
  P 4168      4       3        4 <-- h0>=3!
  P 5173      4       1        0
  P 6378      4       2        0
  P 6487      4       2        0
  P 9834      4       2        0
  P 9835      4       2        0
  P12195      4       1        0
  P14190      4       2        0
  P15196      4       2        0
  P18821      4       2        0
  P19786      4       1        0
  P24255      4       1        0
  P29033      4       1        0
  P32432      4       2        0
  P32588      4       1        0
  P34307      4       3        2 <-- h0>=3!
  P35263      4       1        0
  P36591      4       1        0
  P37816      4       1        0
  P38581      4       1        0
  P19003      3       1        0
  P22245      3       2        0
  P    1      2       3        6 <-- h0>=3!
  P    2      2       1        0
  P    3      2       8       26 <-- h0>=3!
  P    4      2      12       30 <-- h0>=3!
  P    5      2       8       20 <-- h0>=3!
  P    7      2       4       40 <-- h0>=3!
  P    9      2      10      142 <-- h0>=3!
  P   10      2       1        0
  P   15      2       1        0
  P   18      2       1        0
  P   23      2       4       46 <-- h0>=3!
  P   24      2       1        0
  P   25      2       4       68 <-- h0>=3!
  P   26      2       1        0
  P   29      2       3        8 <-- h0>=3!
  P   30      2       4       36 <-- h0>=3!
  P   38      2       6       54 <-- h0>=3!
  P   39      2       4        8 <-- h0>=3!
  P   42      2      12       50 <-- h0>=3!
  P   43      2       4       16 <-- h0>=3!
  P   44      2       3       12 <-- h0>=3!
  P   45      2       9       50 <-- h0>=3!
  P   49      2       4       16 <-- h0>=3!
  P   50      2       1        0
  P   56      2       4       10 <-- h0>=3!
  P   61      2       4       24 <-- h0>=3!
  P   69      2       1        0
  P   70      2       4       76 <-- h0>=3!
  P   74      2       4       14 <-- h0>=3!
  P   77      2       3        2 <-- h0>=3!
  P   80      2       4       38 <-- h0>=3!
  P   83      2       3       10 <-- h0>=3!
  P  115      2       2        0
  P  129      2       1        0
  P  138      2       2        0
  P  145      2       4       34 <-- h0>=3!
  P  151      2       1        0
  P  156      2       3        2 <-- h0>=3!
  P  157      2       2        0
  P  158      2       1        0
  P  169      2       2        0
  P  174      2       3        2 <-- h0>=3!
  P  177      2       3       34 <-- h0>=3!
  P  178      2       3       38 <-- h0>=3!
  P  179      2       3       32 <-- h0>=3!
  P  184      2       1        0
  P  185      2       4       22 <-- h0>=3!
  P  186      2       4       52 <-- h0>=3!
  P  187      2       3        2 <-- h0>=3!
  P  188      2       1        0
  P  189      2       1        0
  P  191      2       1        0
  P  193      2       1        0
  P  210      2       4       32 <-- h0>=3!
  P  215      2      16       92 <-- h0>=3!
  P  217      2       3       32 <-- h0>=3!
  P  231      2       1        0
  P  246      2       2        0
  P  247      2       4       14 <-- h0>=3!
  P  254      2       2        0
  P  259      2       4       14 <-- h0>=3!
  P  262      2       4       26 <-- h0>=3!
  P  263      2       4       18 <-- h0>=3!
  P  275      2       3       16 <-- h0>=3!
  P  290      2       1        0
  P  306      2       1        0
  P  323      2       1        0
  P  334      2       3        4 <-- h0>=3!
  P  349      2       3        2 <-- h0>=3!
  P  370      2       5       28 <-- h0>=3!
  P  386      2       1        0
  P  392      2       3        8 <-- h0>=3!
  P  394      2       3        4 <-- h0>=3!
  P  425      2       1        0
  P  427      2       4      116 <-- h0>=3!
  P  436      2       3       12 <-- h0>=3!
  P  438      2       3        8 <-- h0>=3!
  P  439      2       4       34 <-- h0>=3!
  P  440      2       1        0
  P  441      2       1        0
  P  456      2       4       30 <-- h0>=3!
  P  459      2       4       30 <-- h0>=3!
  P  460      2       4       16 <-- h0>=3!
  P  462      2       3        4 <-- h0>=3!
  P  471      2       1        0
  P  472      2       1        0
  P  473      2       4       20 <-- h0>=3!
  P  474      2       4       28 <-- h0>=3!
  P  475      2       4       38 <-- h0>=3!
  P  481      2       6       36 <-- h0>=3!
  P  487      2       3       14 <-- h0>=3!
  P  489      2       2        0
  P  493      2       1        0
  P  496      2       4        6 <-- h0>=3!
  P  497      2       3        2 <-- h0>=3!
  P  498      2       3        8 <-- h0>=3!
  P  500      2       3        6 <-- h0>=3!
  P  502      2       1        0
  P  505      2       1        0
  P  527      2       6       80 <-- h0>=3!
  P  539      2       3        4 <-- h0>=3!
  P  540      2       3        2 <-- h0>=3!
  P  550      2       3       34 <-- h0>=3!
  P  551      2      16       60 <-- h0>=3!
  P  555      2       1        0
  P  559      2       2        0
  P  560      2       1        0
  P  593      2       3        2 <-- h0>=3!
  P  595      2       2        0
  P  601      2       1        0
  P  603      2       3       20 <-- h0>=3!
  P  604      2       3        4 <-- h0>=3!
  P  605      2       3       10 <-- h0>=3!
  P  617      2       1        0
  P  629      2       3        8 <-- h0>=3!
  P  632      2       4       38 <-- h0>=3!
  P  636      2       2        0
  P  637      2       1        0
  P  646      2       1        0
  P  648      2       1        0
  P  657      2       1        0
  P  664      2       3        2 <-- h0>=3!
  P  680      2       1        0
  P  697      2       2        0
  P  706      2       3       18 <-- h0>=3!
  P  713      2       1        0
  P  723      2       3        8 <-- h0>=3!
  P  724      2       1        0
  P  752      2       4       14 <-- h0>=3!
  P  775      2       2        0
  P  786      2      19       42 <-- h0>=3!
  P  800      2       2        0
  P  823      2       3        2 <-- h0>=3!
  P  827      2       3        4 <-- h0>=3!
  P  835      2       1        0
  P  867      2       3        4 <-- h0>=3!
  P  868      2       1        0
  P  872      2       2        0
  P  877      2       2        0
  P  890      2       1        0
  P  937      2       5      124 <-- h0>=3!
  P  977      2       3        6 <-- h0>=3!
  P 1017      2       1        0
  P 1084      2       3       16 <-- h0>=3!
  P 1101      2       3        2 <-- h0>=3!
  P 1122      2       1        0
  P 1140      2       4       50 <-- h0>=3!
  P 1145      2       4       40 <-- h0>=3!
  P 1148      2       1        0
  P 1150      2       4       32 <-- h0>=3!
  P 1151      2       2        0
  P 1152      2       2        0
  P 1153      2       2        0
  P 1168      2       1        0
  P 1223      2       1        0
  P 1227      2       4        4 <-- h0>=3!
  P 1229      2       3       52 <-- h0>=3!
  P 1230      2       3        2 <-- h0>=3!
  P 1236      2       3        2 <-- h0>=3!
  P 1241      2       3       10 <-- h0>=3!
  P 1252      2       2        0
  P 1283      2       2        0
  P 1284      2       2        0
  P 1286      2       2        0
  P 1292      2       3        2 <-- h0>=3!
  P 1300      2       1        0
  P 1304      2       3        4 <-- h0>=3!
  P 1314      2       4       34 <-- h0>=3!
  P 1317      2       2        0
  P 1318      2       2        0
  P 1335      2       3        2 <-- h0>=3!
  P 1338      2       3        2 <-- h0>=3!
  P 1346      2       3        4 <-- h0>=3!
  P 1348      2      10       30 <-- h0>=3!
  P 1383      2       3        2 <-- h0>=3!
  P 1400      2       4       36 <-- h0>=3!
  P 1403      2       4      108 <-- h0>=3!
  P 1404      2       2        0
  P 1405      2       3        8 <-- h0>=3!
  P 1416      2       2        0
  P 1421      2       1        0
  P 1423      2       1        0
  P 1431      2       2        0
  P 1432      2       3       12 <-- h0>=3!
  P 1435      2       4       16 <-- h0>=3!
  P 1440      2       3        8 <-- h0>=3!
  P 1471      2      11       94 <-- h0>=3!
  P 1490      2       3       10 <-- h0>=3!
  P 1514      2       1        0
  P 1524      2       3        4 <-- h0>=3!
  P 1525      2       3        2 <-- h0>=3!
  P 1531      2       3        4 <-- h0>=3!
  P 1533      2       3        2 <-- h0>=3!
  P 1545      2       7      120 <-- h0>=3!
  P 1546      2       3        4 <-- h0>=3!
  P 1547      2       2        0
  P 1550      2       2        0
  P 1576      2       4       26 <-- h0>=3!
  P 1593      2       3        4 <-- h0>=3!
  P 1594      2       3       26 <-- h0>=3!
  P 1599      2       1        0
  P 1606      2       4       12 <-- h0>=3!
  P 1615      2       3        4 <-- h0>=3!
  P 1619      2       6       66 <-- h0>=3!
  P 1625      2       6       48 <-- h0>=3!
  P 1629      2       9      106 <-- h0>=3!
  P 1649      2       3        8 <-- h0>=3!
  P 1652      2       2        0
  P 1668      2       3        2 <-- h0>=3!
  P 1673      2       4       28 <-- h0>=3!
  P 1678      2       1        0
  P 1679      2       1        0
  P 1698      2       1        0
  P 1701      2       3        4 <-- h0>=3!
  P 1712      2       4       32 <-- h0>=3!
  P 1722      2       2        0
  P 1740      2       2        0
  P 1745      2       3        4 <-- h0>=3!
  P 1797      2       3       40 <-- h0>=3!
  P 1860      2       1        0
  P 1862      2       2        0
  P 1872      2       3        2 <-- h0>=3!
  P 1886      2       3       12 <-- h0>=3!
  P 1887      2       2        0
  P 1952      2       1        0
  P 1990      2       1        0
  P 1996      2       3        6 <-- h0>=3!
  P 2001      2       7      126 <-- h0>=3!
  P 2007      2       1        0
  P 2011      2       3        6 <-- h0>=3!
  P 2014      2       3        2 <-- h0>=3!
  P 2067      2       1        0
  P 2090      2       3       32 <-- h0>=3!
  P 2093      2       1        0
  P 2136      2       2        0
  P 2162      2       2        0
  P 2187      2       3        6 <-- h0>=3!
  P 2190      2       3        2 <-- h0>=3!
  P 2230      2       3        4 <-- h0>=3!
  P 2235      2       2        0
  P 2265      2       1        0
  P 2272      2       7        6 <-- h0>=3!
  P 2278      2       2        0
  P 2285      2       1        0
  P 2289      2       2        0
  P 2299      2       3        8 <-- h0>=3!
  P 2335      2       4       10 <-- h0>=3!
  P 2382      2       2        0
  P 2453      2       2        0
  P 2466      2       1        0
  P 2469      2       1        0
  P 2521      2       3        6 <-- h0>=3!
  P 2579      2       2        0
  P 2634      2       4       14 <-- h0>=3!
  P 2635      2       1        0
  P 2636      2       1        0
  P 2649      2       4       54 <-- h0>=3!
  P 2686      2       3       10 <-- h0>=3!
  P 2688      2       1        0
  P 2698      2       4       50 <-- h0>=3!
  P 2702      2       2        0
  P 2710      2       3        6 <-- h0>=3!
  P 2736      2       4       82 <-- h0>=3!
  P 2761      2       3       18 <-- h0>=3!
  P 2825      2       2        0
  P 2869      2       2        0
  P 2879      2       3       38 <-- h0>=3!
  P 2888      2       6       40 <-- h0>=3!
  P 2903      2       1        0
  P 2905      2       3       10 <-- h0>=3!
  P 2922      2       1        0
  P 2923      2       2        0
  P 2932      2       4       24 <-- h0>=3!
  P 2940      2       2        0
  P 2944      2       2        0
  P 2946      2       1        0
  P 2948      2       3        6 <-- h0>=3!
  P 2956      2       2        0
  P 2957      2       3        2 <-- h0>=3!
  P 2962      2       3       14 <-- h0>=3!
  P 2978      2       4       24 <-- h0>=3!
  P 2980      2       4       48 <-- h0>=3!
  P 2988      2       3        4 <-- h0>=3!
  P 2989      2       3        2 <-- h0>=3!
  P 2995      2       3        4 <-- h0>=3!
  P 2998      2       2        0
  P 3000      2       3        2 <-- h0>=3!
  P 3009      2       1        0
  P 3027      2       1        0
  P 3032      2       1        0
  P 3051      2       1        0
  P 3075      2       1        0
  P 3088      2       3        2 <-- h0>=3!
  P 3103      2      10       60 <-- h0>=3!
  P 3191      2       4       36 <-- h0>=3!
  P 3242      2       1        0
  P 3243      2       1        0
  P 3248      2       1        0
  P 3279      2       2        0
  P 3281      2       1        0
  P 3282      2       1        0
  P 3284      2       2        0
  P 3311      2       3        2 <-- h0>=3!
  P 3312      2       1        0
  P 3344      2       4       58 <-- h0>=3!
  P 3389      2       1        0
  P 3391      2       2        0
  P 3439      2       2        0
  P 3478      2       1        0
  P 3504      2       3        2 <-- h0>=3!
  P 3512      2       4       10 <-- h0>=3!
  P 3524      2       2        0
  P 3541      2       3       18 <-- h0>=3!
  P 3545      2       2        0
  P 3548      2       1        0
  P 3557      2       3        2 <-- h0>=3!
  P 3562      2       3        2 <-- h0>=3!
  P 3565      2       3        2 <-- h0>=3!
  P 3566      2       2        0
  P 3574      2       3        2 <-- h0>=3!
  P 3585      2       3        2 <-- h0>=3!
  P 3591      2       3        6 <-- h0>=3!
  P 3600      2       2        0
  P 3616      2       1        0
  P 3619      2       3        6 <-- h0>=3!
  P 3625      2       1        0
  P 3645      2       1        0
  P 3692      2       1        0
  P 3699      2       1        0
  P 3701      2       3        2 <-- h0>=3!
  P 3702      2       3        2 <-- h0>=3!
  P 3737      2       4       66 <-- h0>=3!
  P 3771      2       2        0
  P 3832      2       6       26 <-- h0>=3!
  P 3834      2       3       30 <-- h0>=3!
  P 3835      2       3        2 <-- h0>=3!
  P 3838      2       1        0
  P 3844      2       3        2 <-- h0>=3!
  P 3868      2       2        0
  P 3874      2       3        6 <-- h0>=3!
  P 3915      2       3        2 <-- h0>=3!
  P 3924      2       3        2 <-- h0>=3!
  P 3945      2       3        2 <-- h0>=3!
  P 3954      2       3        6 <-- h0>=3!
  P 3964      2       3        2 <-- h0>=3!
  P 3967      2       3        4 <-- h0>=3!
  P 3968      2       3        4 <-- h0>=3!
  P 3969      2       3        2 <-- h0>=3!
  P 3978      2       2        0
  P 4028      2       6       20 <-- h0>=3!
  P 4092      2       2        0
  P 4104      2       1        0
  P 4105      2       3        2 <-- h0>=3!
  P 4114      2       2        0
  P 4163      2       1        0
  P 4170      2       2        0
  P 4184      2       2        0
  P 4196      2       1        0
  P 4240      2       2        0
  P 4243      2       2        0
  P 4247      2       3        4 <-- h0>=3!
  P 4254      2       2        0
  P 4278      2       3       16 <-- h0>=3!
  P 4314      2       1        0
  P 4333      2       1        0
  P 4345      2       2        0
  P 4352      2       3        4 <-- h0>=3!
  P 4354      2       3        2 <-- h0>=3!
  P 4389      2       3        4 <-- h0>=3!
  P 4407      2       2        0
  P 4412      2       1        0
  P 4418      2       1        0
  P 4423      2       4       28 <-- h0>=3!
  P 4462      2       2        0
  P 4493      2       2        0
  P 4676      2       1        0
  P 4683      2       2        0
  P 4712      2       1        0
  P 4751      2       2        0
  P 4766      2       2        0
  P 4848      2       2        0
  P 4938      2       1        0
  P 4947      2       1        0
  P 4956      2       1        0
  P 4965      2       1        0
  P 4988      2       3        4 <-- h0>=3!
  P 4999      2       3        4 <-- h0>=3!
  P 5182      2       1        0
  P 5246      2       3       18 <-- h0>=3!
  P 5261      2       1        0
  P 5378      2       2        0
  P 5379      2       2        0
  P 5392      2       2        0
  P 5426      2       1        0
  P 5592      2       3        8 <-- h0>=3!
  P 5593      2       1        0
  P 5627      2       1        0
  P 5639      2       3        2 <-- h0>=3!
  P 5674      2       1        0
  P 5685      2       1        0
  P 5688      2       2        0
  P 5723      2       1        0
  P 5807      2       1        0
  P 5848      2       3        2 <-- h0>=3!
  P 5915      2       1        0
  P 5919      2       1        0
  P 5992      2       2        0
  P 5998      2       1        0
  P 6130      2       1        0
  P 6296      2       3       10 <-- h0>=3!
  P 6331      2       3       26 <-- h0>=3!
  P 6338      2       1        0
  P 6359      2       3        4 <-- h0>=3!
  P 6363      2       3       16 <-- h0>=3!
  P 6365      2       2        0
  P 6369      2       2        0
  P 6370      2       1        0
  P 6375      2       3        2 <-- h0>=3!
  P 6377      2       3        4 <-- h0>=3!
  P 6399      2       2        0
  P 6418      2       3        2 <-- h0>=3!
  P 6456      2       2        0
  P 6460      2       3        2 <-- h0>=3!
  P 6461      2       3        2 <-- h0>=3!
  P 6462      2       3        2 <-- h0>=3!
  P 6464      2       2        0
  P 6479      2       2        0
  P 6482      2       3        2 <-- h0>=3!
  P 6483      2       2        0
  P 6484      2       3        2 <-- h0>=3!
  P 6486      2       3        2 <-- h0>=3!
  P 6501      2       2        0
  P 6507      2       2        0
  P 6509      2       2        0
  P 6522      2       3        4 <-- h0>=3!
  P 6665      2       3       24 <-- h0>=3!
  P 6748      2       3        4 <-- h0>=3!
  P 6888      2       3        4 <-- h0>=3!
  P 6892      2       3        2 <-- h0>=3!
  P 6894      2       2        0
  P 6895      2       3        2 <-- h0>=3!
  P 6899      2       2        0
  P 6901      2       2        0
  P 6912      2       1        0
  P 6928      2       2        0
  P 6959      2       2        0
  P 7004      2       3        2 <-- h0>=3!
  P 7007      2       1        0
  P 7034      2       2        0
  P 7099      2       1        0
  P 7104      2       1        0
  P 7115      2       2        0
  P 7120      2       3        6 <-- h0>=3!
  P 7186      2       3        2 <-- h0>=3!
  P 7187      2       4        4 <-- h0>=3!
  P 7218      2       1        0
  P 7229      2       2        0
  P 7243      2       1        0
  P 7266      2       2        0
  P 7268      2       2        0
  P 7269      2       2        0
  P 7271      2       3        2 <-- h0>=3!
  P 7280      2       3        2 <-- h0>=3!
  P 7304      2       3        2 <-- h0>=3!
  P 7355      2       1        0
  P 7364      2       1        0
  P 7396      2       2        0
  P 7408      2       4       24 <-- h0>=3!
  P 7429      2       3        4 <-- h0>=3!
  P 7447      2       1        0
  P 7465      2       4       36 <-- h0>=3!
  P 7480      2       3        2 <-- h0>=3!
  P 7484      2       2        0
  P 7493      2       3        2 <-- h0>=3!
  P 7495      2       3        2 <-- h0>=3!
  P 7496      2       3        2 <-- h0>=3!
  P 7499      2       3        2 <-- h0>=3!
  P 7502      2       3        4 <-- h0>=3!
  P 7510      2       3        2 <-- h0>=3!
  P 7518      2       2        0
  P 7649      2       2        0
  P 7652      2       3        2 <-- h0>=3!
  P 7654      2       2        0
  P 7676      2       1        0
  P 7678      2       1        0
  P 7702      2       1        0
  P 7724      2       1        0
  P 7725      2       1        0
  P 7726      2       1        0
  P 7731      2       1        0
  P 7742      2       2        0
  P 7753      2       1        0
  P 7779      2       3        6 <-- h0>=3!
  P 7783      2       3        8 <-- h0>=3!
  P 7788      2       3        2 <-- h0>=3!
  P 7880      2       3       10 <-- h0>=3!
  P 7885      2       2        0
  P 7950      2       2        0
  P 7997      2       3        2 <-- h0>=3!
  P 8018      2       2        0
  P 8019      2       3        2 <-- h0>=3!
  P 8129      2       1        0
  P 8137      2       1        0
  P 8203      2       2        0
  P 8293      2       2        0
  P 8308      2       1        0
  P 8370      2       1        0
  P 8408      2       1        0
  P 8441      2       3        2 <-- h0>=3!
  P 8473      2       1        0
  P 8477      2       1        0
  P 8509      2       1        0
  P 8537      2       1        0
  P 8562      2       2        0
  P 8733      2       2        0
  P 8751      2       1        0
  P 8780      2       2        0
  P 8781      2       2        0
  P 8796      2       2        0
  P 8827      2       2        0
  P 8835      2       3        2 <-- h0>=3!
  P 8836      2       3        2 <-- h0>=3!
  P 8838      2       3        2 <-- h0>=3!
  P 8850      2       1        0
  P 8854      2       1        0
  P 8856      2       2        0
  P 8877      2       2        0
  P 8887      2       2        0
  P 8897      2       3       14 <-- h0>=3!
  P 8900      2       1        0
  P 8901      2       1        0
  P 8905      2       3       10 <-- h0>=3!
  P 8912      2       3        2 <-- h0>=3!
  P 8915      2       3        2 <-- h0>=3!
  P 8927      2       3        4 <-- h0>=3!
  P 8938      2       3       14 <-- h0>=3!
  P 8962      2       1        0
  P 9038      2       1        0
  P 9071      2       3        4 <-- h0>=3!
  P 9089      2       4        6 <-- h0>=3!
  P 9159      2       1        0
  P 9162      2       2        0
  P 9232      2       2        0
  P 9295      2       2        0
  P 9316      2       2        0
  P 9335      2       3        6 <-- h0>=3!
  P 9354      2       1        0
  P 9390      2       3        2 <-- h0>=3!
  P 9401      2       1        0
  P 9403      2       2        0
  P 9417      2       1        0
  P 9540      2       3       38 <-- h0>=3!
  P 9631      2       3        4 <-- h0>=3!
  P 9640      2       1        0
  P 9679      2       2        0
  P 9687      2       1        0
  P 9732      2       3        2 <-- h0>=3!
  P 9744      2       2        0
  P 9751      2       1        0
  P 9776      2       1        0
  P 9785      2       2        0
  P 9800      2       3        2 <-- h0>=3!
  P 9801      2       3        4 <-- h0>=3!
  P 9802      2       3        2 <-- h0>=3!
  P 9865      2       2        0
  P 9869      2       1        0
  P 9879      2       1        0
  P 9937      2       1        0
  P10069      2       2        0
  P10075      2       2        0
  P10088      2       2        0
  P10095      2       1        0
  P10198      2       3       12 <-- h0>=3!
  P10280      2       1        0
  P10281      2       1        0
  P10311      2       1        0
  P10320      2       2        0
  P10353      2       2        0
  P10404      2       1        0
  P10472      2       1        0
  P10599      2       1        0
  P10613      2       2        0
  P10680      2       1        0
  P10741      2       1        0
  P10777      2       1        0
  P10857      2       2        0
  P11033      2       1        0
  P11103      2       1        0
  P11217      2       1        0
  P11397      2       3        4 <-- h0>=3!
  P11453      2       3        6 <-- h0>=3!
  P11480      2       1        0
  P11488      2       2        0
  P11661      2       3       16 <-- h0>=3!
  P11668      2       3        2 <-- h0>=3!
  P11783      2       1        0
  P11788      2       2        0
  P11798      2       1        0
  P11842      2       1        0
  P11845      2       2        0
  P11900      2       1        0
  P12141      2       1        0
  P12203      2       2        0
  P12627      2       2        0
  P12706      2       1        0
  P12731      2       1        0
  P12745      2       1        0
  P12841      2       3       24 <-- h0>=3!
  P12842      2       1        0
  P12859      2       1        0
  P12954      2       1        0
  P12965      2       1        0
  P13200      2       2        0
  P13464      2       2        0
  P13619      2       2        0
  P13746      2       1        0
  P13831      2       3       12 <-- h0>=3!
  P13855      2       1        0
  P13980      2       1        0
  P14081      2       3        2 <-- h0>=3!
  P14134      2       1        0
  P14159      2       1        0
  P14179      2       3        2 <-- h0>=3!
  P14193      2       3        4 <-- h0>=3!
  P14203      2       2        0
  P14228      2       3       44 <-- h0>=3!
  P14229      2       1        0
  P14245      2       1        0
  P14246      2       1        0
  P14370      2       1        0
  P14382      2       1        0
  P14416      2       1        0
  P14432      2       2        0
  P14451      2       1        0
  P14461      2       1        0
  P14472      2       1        0
  P14493      2       2        0
  P14495      2       1        0
  P14575      2       3        4 <-- h0>=3!
  P14620      2       1        0
  P14714      2       1        0
  P14721      2       5       58 <-- h0>=3!
  P14792      2       1        0
  P14863      2       2        0
  P14920      2       1        0
  P15054      2       3       18 <-- h0>=3!
  P15150      2       1        0
  P15186      2       4       16 <-- h0>=3!
  P15281      2       3        2 <-- h0>=3!
  P15283      2       3        6 <-- h0>=3!
  P15385      2       1        0
  P15387      2       1        0
  P15403      2       3        4 <-- h0>=3!
  P15413      2       1        0
  P15444      2       2        0
  P15454      2       3       12 <-- h0>=3!
  P15494      2       1        0
  P15513      2       1        0
  P15531      2      10      108 <-- h0>=3!
  P15535      2       2        0
  P15685      2       1        0
  P15732      2       1        0
  P15743      2       1        0
  P15749      2       2        0
  P15781      2       2        0
  P15786      2       2        0
  P15792      2       2        0
  P15793      2       2        0
  P15876      2       1        0
  P15881      2       1        0
  P15938      2       3       34 <-- h0>=3!
  P15981      2       1        0
  P16047      2       2        0
  P16065      2       1        0
  P16094      2       1        0
  P16101      2       1        0
  P16110      2       1        0
  P16266      2       1        0
  P16346      2       1        0
  P16439      2       3       38 <-- h0>=3!
  P16454      2       3        2 <-- h0>=3!
  P16469      2       1        0
  P16478      2       2        0
  P16570      2       3        2 <-- h0>=3!
  P16674      2       2        0
  P16723      2       1        0
  P16940      2       2        0
  P17103      2       1        0
  P17211      2       3        2 <-- h0>=3!
  P17266      2       2        0
  P17286      2       2        0
  P17511      2       1        0
  P17551      2       1        0
  P17568      2       1        0
  P17577      2       1        0
  P17578      2       2        0
  P17580      2       1        0
  P17687      2       1        0
  P17705      2       3        6 <-- h0>=3!
  P17731      2       2        0
  P17752      2       3       14 <-- h0>=3!
  P17755      2       3        2 <-- h0>=3!
  P17767      2       3        4 <-- h0>=3!
  P17790      2       1        0
  P17808      2       1        0
  P17839      2       1        0
  P17870      2       1        0
  P17938      2       1        0
  P18060      2       1        0
  P18063      2       2        0
  P18074      2       1        0
  P18078      2       3        2 <-- h0>=3!
  P18080      2       2        0
  P18084      2       3        4 <-- h0>=3!
  P18108      2       1        0
  P18122      2       3        4 <-- h0>=3!
  P18139      2       6       54 <-- h0>=3!
  P18147      2       1        0
  P18176      2       1        0
  P18311      2       3        2 <-- h0>=3!
  P18314      2       2        0
  P18370      2       4        2 <-- h0>=3!
  P18435      2       1        0
  P18483      2       2        0
  P18488      2       3        2 <-- h0>=3!
  P18492      2       1        0
  P18518      2       1        0
  P18529      2       1        0
  P18539      2       1        0
  P18541      2       1        0
  P18556      2       1        0
  P18557      2       1        0
  P18564      2       3       18 <-- h0>=3!
  P18565      2       1        0
  P18566      2       1        0
  P18581      2       1        0
  P18587      2       1        0
  P18598      2       1        0
  P18600      2       1        0
  P18612      2       1        0
  P18624      2       7       98 <-- h0>=3!
  P18643      2       3        2 <-- h0>=3!
  P18649      2       2        0
  P18861      2       1        0
  P18976      2       2        0
  P18980      2       1        0
  P19040      2       3       12 <-- h0>=3!
  P19124      2       3        8 <-- h0>=3!
  P19125      2       2        0
  P19127      2       2        0
  P19142      2       1        0
  P19231      2       1        0
  P19309      2       1        0
  P19312      2       2        0
  P19431      2       1        0
  P19550      2       1        0
  P19608      2       1        0
  P19614      2       1        0
  P19712      2       2        0
  P19717      2       1        0
  P19785      2       1        0
  P19789      2       1        0
  P19844      2       1        0
  P20072      2       1        0
  P20144      2       2        0
  P20220      2       1        0
  P20284      2       2        0
  P20314      2       1        0
  P20336      2       1        0
  P20633      2       3        4 <-- h0>=3!
  P20644      2       1        0
  P20654      2       1        0
  P20677      2       1        0
  P20765      2       2        0
  P20820      2       2        0
  P20851      2       2        0
  P21078      2       3        2 <-- h0>=3!
  P21190      2       2        0
  P21194      2       1        0
  P21287      2       1        0
  P21328      2       2        0
  P21462      2       2        0
  P21728      2       1        0
  P21730      2       1        0
  P21764      2       1        0
  P21769      2       2        0
  P21796      2       1        0
  P21806      2       1        0
  P21809      2       1        0
  P21810      2       1        0
  P21811      2       1        0
  P22004      2       1        0
  P22008      2       1        0
  P22013      2       1        0
  P22092      2       2        0
  P22110      2       1        0
  P22112      2       2        0
  P22297      2       2        0
  P22682      2       3        2 <-- h0>=3!
  P22714      2       2        0
  P22736      2       3        4 <-- h0>=3!
  P22748      2       1        0
  P22768      2       1        0
  P22946      2       1        0
  P22956      2       1        0
  P23095      2       1        0
  P23353      2       1        0
  P23454      2       1        0
  P23558      2       1        0
  P23633      2       1        0
  P23754      2       3       14 <-- h0>=3!
  P23863      2       1        0
  P23919      2       1        0
  P24005      2       3        2 <-- h0>=3!
  P24043      2       3       16 <-- h0>=3!
  P24046      2       1        0
  P24048      2       1        0
  P24117      2       1        0
  P24139      2       3        2 <-- h0>=3!
  P24181      2       1        0
  P24195      2       2        0
  P24207      2       2        0
  P24227      2       2        0
  P24233      2       2        0
  P24234      2       2        0
  P24242      2       1        0
  P24251      2       1        0
  P24253      2       2        0
  P24275      2       1        0
  P24276      2       2        0
  P24296      2       1        0
  P24320      2       2        0
  P24322      2       2        0
  P24325      2       1        0
  P24404      2       1        0
  P24450      2       1        0
  P24465      2       3        2 <-- h0>=3!
  P24466      2       2        0
  P24468      2       3        2 <-- h0>=3!
  P24516      2       1        0
  P24726      2       1        0
  P24748      2       1        0
  P24817      2       2        0
  P24881      2       2        0
  P24931      2       2        0
  P24953      2       1        0
  P25055      2       2        0
  P25056      2       2        0
  P25107      2       2        0
  P25122      2       2        0
  P25182      2       2        0
  P25230      2       3        4 <-- h0>=3!
  P25291      2       1        0
  P25293      2       1        0
  P25318      2       1        0
  P25319      2       2        0
  P25321      2       3        2 <-- h0>=3!
  P25432      2       2        0
  P25504      2       2        0
  P25581      2       2        0
  P25592      2       3        2 <-- h0>=3!
  P25606      2       1        0
  P25615      2       1        0
  P25620      2       1        0
  P25642      2       2        0
  P25659      2       1        0
  P25660      2       1        0
  P25662      2       1        0
  P25672      2       1        0
  P25681      2       1        0
  P25687      2       1        0
  P25688      2       1        0
  P25691      2       3        6 <-- h0>=3!
  P25696      2       5       10 <-- h0>=3!
  P25698      2       1        0
  P25700      2       3        6 <-- h0>=3!
  P25706      2       3        2 <-- h0>=3!
  P25815      2       1        0
  P25825      2       1        0
  P25841      2       2        0
  P25856      2       1        0
  P25862      2       1        0
  P25887      2       1        0
  P25898      2       2        0
  P25901      2       3        2 <-- h0>=3!
  P25924      2       1        0
  P25949      2       3        2 <-- h0>=3!
  P25955      2       2        0
  P25991      2       1        0
  P25995      2       1        0
  P26050      2       3        2 <-- h0>=3!
  P26058      2       1        0
  P26066      2       1        0
  P26189      2       1        0
  P26278      2       3        2 <-- h0>=3!
  P26323      2       3        8 <-- h0>=3!
  P26447      2       1        0
  P26493      2       1        0
  P26502      2       3        4 <-- h0>=3!
  P26535      2       2        0
  P26618      2       1        0
  P26766      2       1        0
  P26782      2       1        0
  P26883      2       1        0
  P26924      2       1        0
  P27069      2       2        0
  P27097      2       2        0
  P27261      2       2        0
  P27265      2       1        0
  P27266      2       3       12 <-- h0>=3!
  P27299      2       1        0
  P27331      2       2        0
  P27436      2       3        2 <-- h0>=3!
  P27447      2       2        0
  P27606      2       1        0
  P27660      2       2        0
  P27751      2       6      192 <-- h0>=3!
  P27761      2       1        0
  P27803      2       1        0
  P27924      2       1        0
  P27959      2       4        4 <-- h0>=3!
  P27989      2       1        0
  P28039      2       1        0
  P28060      2       1        0
  P28144      2       1        0
  P28145      2       1        0
  P28153      2       2        0
  P28203      2       1        0
  P28208      2       1        0
  P28259      2       2        0
  P28383      2       2        0
  P28384      2       1        0
  P28386      2       3        2 <-- h0>=3!
  P28388      2       2        0
  P28455      2       1        0
  P28560      2       1        0
  P28599      2       1        0
  P28637      2       1        0
  P28697      2       2        0
  P28711      2       1        0
  P28726      2       1        0
  P28812      2       2        0
  P28836      2       2        0
  P28837      2       2        0
  P28854      2       2        0
  P28855      2       1        0
  P28868      2       4        4 <-- h0>=3!
  P28894      2       1        0
  P28899      2       1        0
  P28990      2       1        0
  P29034      2       1        0
  P29112      2       2        0
  P29135      2       2        0
  P29222      2       1        0
  P29287      2       1        0
  P29292      2       1        0
  P29497      2       1        0
  P29657      2       1        0
  P29679      2       2        0
  P29710      2       2        0
  P29765      2       1        0
  P29799      2       1        0
  P29965      2       2        0
  P29973      2       1        0
  P30069      2       1        0
  P30212      2       1        0
  P30259      2       1        0
  P30273      2       1        0
  P30326      2       1        0
  P30410      2       1        0
  P30428      2       2        0
  P30440      2       1        0
  P30463      2       1        0
  P30523      2       1        0
  P30673      2       1        0
  P30775      2       3        2 <-- h0>=3!
  P30950      2       1        0
  P30999      2       1        0
  P31000      2       1        0
  P31378      2       1        0
  P31532      2       1        0
  P31712      2       1        0
  P31751      2       2        0
  P31807      2       1        0
  P31903      2       1        0
  P31960      2       1        0
  P32034      2       1        0
  P32227      2       1        0
  P32289      2       1        0
  P32401      2       2        0
  P32405      2       1        0
  P32406      2       1        0
  P32439      2       3        8 <-- h0>=3!
  P32482      2       1        0
  P32508      2       1        0
  P32509      2       2        0
  P32560      2       2        0
  P32562      2       1        0
  P32564      2       1        0
  P32587      2       2        0
  P32589      2       1        0
  P32591      2       3        2 <-- h0>=3!
  P32595      2       1        0
  P32602      2       1        0
  P32604      2       1        0
  P32655      2       2        0
  P32656      2       2        0
  P32658      2       1        0
  P32682      2       3        2 <-- h0>=3!
  P32688      2       1        0
  P32712      2       1        0
  P32713      2       2        0
  P32718      2       1        0
  P32720      2       1        0
  P32736      2       1        0
  P32771      2       1        0
  P32786      2       1        0
  P32922      2       2        0
  P33064      2       1        0
  P33091      2       1        0
  P33254      2       3        2 <-- h0>=3!
  P33295      2       1        0
  P33306      2       2        0
  P33350      2       2        0
  P33352      2       1        0
  P33354      2       1        0
  P33358      2       1        0
  P33362      2       1        0
  P33363      2       1        0
  P33385      2       3        2 <-- h0>=3!
  P33428      2       1        0
  P33471      2       1        0
  P33484      2       1        0
  P33485      2       1        0
  P33486      2       1        0
  P33488      2       1        0
  P33497      2       1        0
  P33515      2       1        0
  P33578      2       3        6 <-- h0>=3!
  P33589      2       1        0
  P33590      2       3        8 <-- h0>=3!
  P33607      2       1        0
  P33608      2       2        0
  P33636      2       2        0
  P33639      2       1        0
  P33641      2       1        0
  P33675      2       1        0
  P33677      2       1        0
  P33678      2       2        0
  P33679      2       1        0
  P33682      2       2        0
  P33685      2       1        0
  P33704      2       2        0
  P33706      2       1        0
  P33825      2       1        0
  P33857      2       1        0
  P33881      2       3        2 <-- h0>=3!
  P34125      2       2        0
  P34208      2       1        0
  P34223      2       1        0
  P34233      2       1        0
  P34240      2       1        0
  P34241      2       1        0
  P34297      2       2        0
  P34300      2       1        0
  P34355      2       1        0
  P34376      2       1        0
  P34379      2       1        0
  P34386      2       1        0
  P34436      2       1        0
  P34446      2       1        0
  P34453      2       1        0
  P34465      2       1        0
  P34467      2       1        0
  P34526      2       1        0
  P34622      2       1        0
  P34671      2       1        0
  P34872      2       1        0
  P34889      2       1        0
  P34901      2       1        0
  P34909      2       1        0
  P35066      2       1        0
  P35085      2       1        0
  P35132      2       1        0
  P35177      2       1        0
  P35219      2       1        0
  P35220      2       1        0
  P35266      2       1        0
  P35279      2       3       12 <-- h0>=3!
  P35282      2       3        8 <-- h0>=3!
  P35284      2       1        0
  P35348      2       2        0
  P35378      2       1        0
  P35381      2       2        0
  P35382      2       2        0
  P35442      2       3       18 <-- h0>=3!
  P35480      2       3        2 <-- h0>=3!
  P35485      2       1        0
  P35486      2       1        0
  P35491      2       1        0
  P35498      2       1        0
  P35683      2       1        0
  P35759      2       1        0
  P35786      2       1        0
  P35810      2       1        0
  P35899      2       1        0
  P35920      2       2        0
  P35929      2       1        0
  P35933      2       1        0
  P36136      2       1        0
  P36156      2       1        0
  P36268      2       1        0
  P36286      2       1        0
  P36333      2       1        0
  P36424      2       1        0
  P36444      2       1        0
  P36527      2       1        0
  P36569      2       2        0
  P36585      2       1        0
  P36588      2       1        0
  P36590      2       1        0
  P36625      2       1        0
  P36667      2       1        0
  P36745      2       3        2 <-- h0>=3!
  P36747      2       3        2 <-- h0>=3!
  P36817      2       1        0
  P36823      2       1        0
  P36839      2       1        0
  P36858      2       1        0
  P36941      2       1        0
  P36991      2       1        0
  P37018      2       1        0
  P37021      2       1        0
  P37038      2       1        0
  P37045      2       1        0
  P37060      2       1        0
  P37119      2       3        8 <-- h0>=3!
  P37147      2       1        0
  P37228      2       1        0
  P37317      2       1        0
  P37336      2       1        0
  P37337      2       1        0
  P37366      2       1        0
  P37388      2       3        2 <-- h0>=3!
  P37422      2       1        0
  P37437      2       1        0
  P37447      2       1        0
  P37474      2       2        0
  P37475      2       1        0
  P37476      2       3        2 <-- h0>=3!
  P37477      2       2        0
  P37541      2       1        0
  P37617      2       1        0
  P37648      2       2        0
  P37652      2       1        0
  P37653      2       1        0
  P37656      2       2        0
  P37703      2       2        0
  P37728      2       1        0
  P37759      2       1        0
  P37778      2       1        0
  P37780      2       1        0
  P37796      2       1        0
  P37809      2       1        0
  P37820      2       1        0
  P37842      2       1        0
  P37850      2       1        0
  P37863      2       2        0
  P37881      2       1        0
  P37882      2       1        0
  P37889      2       3        2 <-- h0>=3!
  P37929      2       1        0
  P37936      2       1        0
  P37962      2       1        0
  P37974      2       1        0
  P37978      2       1        0
  P38040      2       1        0
  P38052      2       1        0
  P38063      2       1        0
  P38105      2       3        2 <-- h0>=3!
  P38179      2       1        0
  P38234      2       1        0
  P38236      2       1        0
  P38239      2       1        0
  P38242      2       1        0
  P38246      2       1        0
  P38272      2       1        0
  P38335      2       1        0
  P38371      2       1        0
  P38379      2       1        0
  P38380      2       1        0
  P38398      2       1        0
  P38408      2       1        0
  P38414      2       1        0
  P38541      2       1        0
  P38549      2       1        0
  P38564      2       1        0
  P38585      2       1        0
  P38589      2       1        0
  P38591      2       2        0
  P38593      2       1        0
  P38595      2       1        0
  P38598      2       1        0
  P38616      2       1        0
  P38620      2       1        0
  P38623      2       1        0
  P38638      2       1        0
  P38695      2       1        0
  P38709      2       1        0
  P38721      2       1        0
  P38726      2       1        0
  P38727      2       1        0
  P38732      2       1        0
  P38733      2       1        0
