
============================================================
  [1/7] Rerunning h17/poly63...
          D = 3·e0 + -1·e2 + -2·e3  (D³=-19)
          D = 3·e0 + -2·e3 + -1·e5  (D³=-15)
          D = 3·e0 + -2·e3 + 3·e5  (D³=-35)
          D = 3·e0 + -2·e3 + -1·e7  (D³=-19)
          D = 3·e0 + -2·e3 + -1·e8  (D³=-17)
          D = 1·e0 + 3·e4 + 3·e8  (D³=-36)
          D = 3·e0 + 1·e6 + -2·e10  (D³=-26)
          ... and 188 more

  NEW:  T2=45, clean=198, h0ge3=922, maxh0=40, K3=5, ell=6
  ORIG: T2=45, clean=198, h0ge3=922, maxh0=40, K3=5, ell=6
  ✓ CONFIRMED (146.4s)

============================================================
  [2/7] Rerunning h18/poly34...
          D = 3·e0 + 2·e1 + -2·e8  (D³=-32)
          D = 3·e0 + -2·e1 + 1·e11  (D³=-27)
          D = 3·e0 + 3·e2 + -2·e3  (D³=-37)
          D = 2·e0 + 2·e4 + -1·e8  (D³=-27)
          D = 3·e0 + -2·e4 + 2·e8  (D³=-32)
          D = 3·e0 + -2·e4 + 3·e8  (D³=-37)
          D = 3·e0 + 3·e7 + -2·e9  (D³=-46)
          ... and 179 more

  NEW:  T2=45, clean=198, h0ge3=922, maxh0=40, K3=5, ell=6
  ORIG: T2=45, clean=189, h0ge3=730, maxh0=16, K3=4, ell=4
  ✗ MISMATCH (129.1s)

============================================================
  [3/7] Rerunning h17/poly90...
          D = 3·e0 + 2·e1 + -1·e10  (D³=-26)
          D = 2·e0 + 3·e2 + 3·e3  (D³=-36)
          D = 2·e0 + 3·e2 + 3·e6  (D³=-36)
          D = 3·e0 + -2·e2 + -1·e9  (D³=-12)
          D = 3·e0 + 2·e3 + -1·e4  (D³=-26)
          D = 3·e0 + 2·e3 + -1·e9  (D³=-32)
          D = 2·e0 + 3·e3 + 3·e10  (D³=-36)
          ... and 138 more

  NEW:  T2=45, clean=198, h0ge3=922, maxh0=40, K3=5, ell=6
  ORIG: T2=45, clean=148, h0ge3=542, maxh0=16, K3=3, ell=3
  ✗ MISMATCH (176.2s)

============================================================
  [4/7] Rerunning h16/poly63...
          D = 3·e0 + -3·e2 + 1·e4  (D³=-21)
          D = 2·e0 + 3·e2 + -1·e6  (D³=-27)
          D = 2·e0 + -1·e4 + -1·e12  (D³=-13)
          D = 1·e2 + 2·e4 + 2·e6  (D³=-14)
          D = 2·e4 + 3·e6 + 1·e11  (D³=-9)
          D = 3·e0 + 1·e1 + -3·e2 + 2·e4  (D³=-32)
          D = 3·e0 + 1·e1 + 2·e2 + -2·e4  (D³=-38)
          ... and 62 more

  NEW:  T2=45, clean=198, h0ge3=922, maxh0=40, K3=5, ell=6
  ORIG: T2=45, clean=72, h0ge3=584, maxh0=37, K3=4, ell=4
  ✗ MISMATCH (122.5s)

============================================================
  [5/7] Rerunning h18/poly6...
          D = 1·e0 + 1·e5 + 3·e6  (D³=-13)
          D = 1·e0 + 1·e5 + 3·e7  (D³=-13)
          D = 3·e0 + -2·e1 + -1·e2 + -2·e4  (D³=1)
          D = 2·e0 + 2·e1 + -1·e2 + -2·e7  (D³=-7)
          D = 3·e0 + 2·e1 + -3·e2 + -3·e7  (D³=0)
          D = 3·e0 + 2·e1 + 1·e2 + -3·e7  (D³=-36)
          D = 3·e0 + -3·e1 + -1·e3 + 1·e4  (D³=-20)
          ... and 46 more

  NEW:  T2=45, clean=198, h0ge3=922, maxh0=40, K3=5, ell=6
  ORIG: T2=45, clean=56, h0ge3=514, maxh0=24, K3=3, ell=3
  ✗ MISMATCH (96.8s)

============================================================
  [6/7] Rerunning h15/poly94...
          D = 1·e0 + 3·e4  (D³=-18)
          D = 3·e0 + -2·e4  (D³=-24)
          D = 3·e0 + -2·e1 + -1·e3  (D³=-14)
          D = 3·e0 + -2·e1 + 2·e3  (D³=-32)
          D = 3·e0 + 1·e1 + -2·e3  (D³=-32)
          D = 3·e0 + -2·e1 + 2·e4  (D³=-32)
          D = 1·e0 + 3·e1 + 3·e6  (D³=-36)
          ... and 26 more

  NEW:  T2=45, clean=198, h0ge3=922, maxh0=40, K3=5, ell=6
  ORIG: T2=45, clean=36, h0ge3=126, maxh0=10, K3=4, ell=4
  ✗ MISMATCH (20.6s)

============================================================
  [7/7] Rerunning h16/poly11...
          D = 2·e0 + -1·e1 + 2·e3  (D³=-25)
          D = 2·e0 + 2·e1 + -1·e3  (D³=-25)
          D = 1·e0 + 3·e1 + 3·e4  (D³=-36)
          D = 3·e0 + -2·e1 + 2·e4  (D³=-32)
          D = 1·e0 + 3·e1 + 3·e6  (D³=-36)
          D = 3·e0 + -2·e1 + 2·e6  (D³=-32)
          D = 3·e0 + -2·e2 + -1·e9  (D³=-19)
          ... and 245 more

  NEW:  T2=45, clean=198, h0ge3=922, maxh0=40, K3=5, ell=6
  ORIG: T2=41, clean=255, h0ge3=840, maxh0=13, K3=3, ell=1
  ✗ MISMATCH (152.4s)

============================================================
  FINAL: 1/7 confirmed
  ✓ h17/poly63
  ✗ h18/poly34
  ✗ h17/poly90
  ✗ h16/poly63
  ✗ h18/poly6
  ✗ h15/poly94
  ✗ h16/poly11

Saved to results/rerun_deposed_7.csv
